2022-02-06 16:23:40  INFO: Received Message: {"event":"pusher:ping","data":{}}
2022-02-06 16:23:40  INFO: Sending Message: {"event":"pusher:pong"}
2022-02-06 16:24:11  INFO: Received Message: {"event":"pusher:ping","data":{}}
2022-02-06 16:24:11  INFO: Sending Message: {"event":"pusher:pong"}
2022-02-06 16:24:33  INFO: Shutting down server...
2022-02-06 16:24:40  INFO: HikariPool-1 - Starting...
2022-02-06 16:24:41  INFO: HikariPool-1 - Added connection com.mysql.cj.jdbc.ConnectionImpl@769a1df5
2022-02-06 16:24:41  INFO: HikariPool-1 - Start completed.
2022-02-06 16:24:43  INFO: Clearing database change log checksums
2022-02-06 16:24:43  INFO: Successfully acquired change log lock
2022-02-06 16:24:44  INFO: Successfully released change log lock
2022-02-06 16:24:45  INFO: Successfully acquired change log lock
2022-02-06 16:24:45  INFO: Cannot load service: liquibase.parser.ChangeLogParser: liquibase.parser.core.json.JsonChangeLogParser Unable to get public no-arg constructor
2022-02-06 16:24:45  INFO: Cannot load service: liquibase.parser.ChangeLogParser: liquibase.parser.core.yaml.YamlChangeLogParser Unable to get public no-arg constructor
2022-02-06 16:24:46  INFO: Reading from telescope.DATABASECHANGELOG
2022-02-06 16:24:46  INFO: Reading from telescope.DATABASECHANGELOG
2022-02-06 16:24:46  INFO: Cannot load service: liquibase.hub.HubService: Provider liquibase.hub.core.StandardHubService could not be instantiated
2022-02-06 16:24:47  INFO: Successfully released change log lock
2022-02-06 16:24:50  INFO: HikariPool-2 - Starting...
2022-02-06 16:24:50  INFO: HikariPool-2 - Added connection com.mysql.cj.jdbc.ConnectionImpl@40c2ce52
2022-02-06 16:24:50  INFO: HikariPool-2 - Start completed.
2022-02-06 16:24:51  INFO: Operating system name: Linux version: 5.13.0-28-generic architecture: amd64
2022-02-06 16:24:51  INFO: Java runtime name: OpenJDK 64-Bit Server VM vendor: Ubuntu version: 11.0.13+8-Ubuntu-0ubuntu1.20.04
2022-02-06 16:24:51  INFO: Memory limit heap: 962mb non-heap: 0mb
2022-02-06 16:24:51  INFO: Character encoding: UTF-8 charset: UTF-8
2022-02-06 16:24:51  INFO: Version: 4.14
2022-02-06 16:24:51  INFO: Starting server...
2022-02-06 16:24:51  INFO: jetty-10.0.6; built: 2021-06-29T15:28:56.259Z; git: 37e7731b4b142a882d73974ff3bec78d621bd674; jvm 11.0.13+8-Ubuntu-0ubuntu1.20.04
2022-02-06 16:24:52  INFO: Started o.t.w.@723e3c17{/,null,AVAILABLE}
2022-02-06 16:24:52  INFO: Session workerName=node0
2022-02-06 16:24:53  WARN: JAXBContext implementation could not be found. WADL feature is disabled.
2022-02-06 16:24:54  WARN: The following warnings have been detected: WARNING: A resource, Resource{"devices", 0 child resources, 0 resource methods, 0 sub-resource locator, 0 method handler classes, 0 method handler instances}, with path "devices" is empty. It has no resource (or sub resource) methods neither sub resource locators defined.
WARNING: A resource, Resource{"positions", 0 child resources, 0 resource methods, 0 sub-resource locator, 0 method handler classes, 0 method handler instances}, with path "positions" is empty. It has no resource (or sub resource) methods neither sub resource locators defined.

2022-02-06 16:24:54  INFO: Started o.e.j.s.ServletContextHandler@35536760{/,null,AVAILABLE}
2022-02-06 16:24:54  INFO: Started ServerConnector@451f87af{HTTP/1.1, (http/1.1)}{0.0.0.0:8082}
2022-02-06 16:24:54  INFO: Started Server@48cb2d73{STARTING}[10.0.6,sto=0] @17514ms
